<?xml version="1.0" encoding="UTF-8"?>
<!-- Generated by org.testng.reporters.JUnitReportReporter -->
<testsuite hostname="ABYSS" failures="0" tests="1" name="bd.com.test.Demo" time="55.754" errors="0" timestamp="2021-11-05T00:42:23 BDT" skipped="0">
  <testcase classname="bd.com.test.Demo" name="DemoTest" time="55.754"/>
  <system-out/>
</testsuite> <!-- bd.com.test.Demo -->
