<?xml version="1.0" encoding="UTF-8"?>
<!-- Generated by org.testng.reporters.JUnitReportReporter -->
<testsuite hostname="ABYSS" failures="0" tests="1" name="bongo.com.codetest.BioScopeLive" time="55.564" errors="0" timestamp="2021-11-05T00:56:04 BDT" skipped="0">
  <testcase classname="bongo.com.codetest.BioScopeLive" name="DemoTest" time="55.564"/>
  <system-out/>
</testsuite> <!-- bongo.com.codetest.BioScopeLive -->
